INFO 2025-01-23 14:54:06,026 views 3856 25468 Raw request body: [{"week":1,"day":"LUN","period":"P1","course_code":"IRT22","type":"TD"},{"week":2,"day":"LUN","period":"P1","course_code":"IRT11","type":"TP"},{"week":2,"day":"LUN","period":"P2","course_code":"IRT11","type":"TD"},{"week":3,"day":"LUN","period":"P3","course_code":"IRT11","type":"CM"},{"week":4,"day":"LUN","period":"P4","course_code":"IRT13","type":"TD"},{"week":2,"day":"MAR","period":"P3","course_code":"IRT11","type":"TP"},{"week":3,"day":"MAR","period":"P4","course_code":"IRT11","type":"CM"},{"week":3,"day":"MER","period":"P3","course_code":"IRT22","type":"TP"}]
INFO 2025-01-23 14:54:06,027 views 3856 25468 Received save_slot request for IRT/S1
INFO 2025-01-23 14:54:06,027 views 3856 25468 Received data: [{'week': 1, 'day': 'LUN', 'period': 'P1', 'course_code': 'IRT22', 'type': 'TD'}, {'week': 2, 'day': 'LUN', 'period': 'P1', 'course_code': 'IRT11', 'type': 'TP'}, {'week': 2, 'day': 'LUN', 'period': 'P2', 'course_code': 'IRT11', 'type': 'TD'}, {'week': 3, 'day': 'LUN', 'period': 'P3', 'course_code': 'IRT11', 'type': 'CM'}, {'week': 4, 'day': 'LUN', 'period': 'P4', 'course_code': 'IRT13', 'type': 'TD'}, {'week': 2, 'day': 'MAR', 'period': 'P3', 'course_code': 'IRT11', 'type': 'TP'}, {'week': 3, 'day': 'MAR', 'period': 'P4', 'course_code': 'IRT11', 'type': 'CM'}, {'week': 3, 'day': 'MER', 'period': 'P3', 'course_code': 'IRT22', 'type': 'TP'}]
INFO 2025-01-23 14:54:06,052 views 3856 25468 Course assignment found: IRT22 - babah (TD)
INFO 2025-01-23 14:54:06,057 views 3856 25468 Existing slots to delete: 0
ERROR 2025-01-23 14:54:06,063 views 3856 25468 Error creating slot: UNIQUE constraint failed: schedule_timeslot.day, schedule_timeslot.period, schedule_timeslot.week
INFO 2025-01-23 14:55:54,794 views 6836 5576 Raw request body: [{"week":1,"day":"LUN","period":"P1","course_code":"IRT13","type":"CM"},{"week":2,"day":"LUN","period":"P1","course_code":"IRT11","type":"TP"},{"week":2,"day":"LUN","period":"P2","course_code":"IRT11","type":"TD"},{"week":3,"day":"LUN","period":"P3","course_code":"IRT11","type":"CM"},{"week":4,"day":"LUN","period":"P4","course_code":"IRT13","type":"TD"},{"week":2,"day":"MAR","period":"P3","course_code":"IRT11","type":"TP"},{"week":3,"day":"MAR","period":"P4","course_code":"IRT11","type":"CM"},{"week":3,"day":"MER","period":"P3","course_code":"IRT22","type":"TP"}]
INFO 2025-01-23 14:55:54,798 views 6836 5576 Received save_slot request for IRT/S1
INFO 2025-01-23 14:55:54,799 views 6836 5576 Received data: [{'week': 1, 'day': 'LUN', 'period': 'P1', 'course_code': 'IRT13', 'type': 'CM'}, {'week': 2, 'day': 'LUN', 'period': 'P1', 'course_code': 'IRT11', 'type': 'TP'}, {'week': 2, 'day': 'LUN', 'period': 'P2', 'course_code': 'IRT11', 'type': 'TD'}, {'week': 3, 'day': 'LUN', 'period': 'P3', 'course_code': 'IRT11', 'type': 'CM'}, {'week': 4, 'day': 'LUN', 'period': 'P4', 'course_code': 'IRT13', 'type': 'TD'}, {'week': 2, 'day': 'MAR', 'period': 'P3', 'course_code': 'IRT11', 'type': 'TP'}, {'week': 3, 'day': 'MAR', 'period': 'P4', 'course_code': 'IRT11', 'type': 'CM'}, {'week': 3, 'day': 'MER', 'period': 'P3', 'course_code': 'IRT22', 'type': 'TP'}]
INFO 2025-01-23 14:55:54,818 views 6836 5576 Course assignment found: IRT13 - bihe (CM)
INFO 2025-01-23 14:55:54,821 views 6836 5576 Existing slots to delete: 0
INFO 2025-01-23 14:55:54,844 views 6836 5576 New slot created: IRT13 - LUN P1 (Week 1)
INFO 2025-01-23 14:55:54,849 views 6836 5576 Course assignment found: IRT11 - selma (TP)
INFO 2025-01-23 14:55:54,849 views 6836 5576 Existing slots to delete: 1
INFO 2025-01-23 14:55:54,868 views 6836 5576 New slot created: IRT11 - LUN P1 (Week 2)
INFO 2025-01-23 14:55:54,874 views 6836 5576 Course assignment found: IRT11 - medou (TD)
INFO 2025-01-23 14:55:54,877 views 6836 5576 Existing slots to delete: 1
INFO 2025-01-23 14:55:54,894 views 6836 5576 New slot created: IRT11 - LUN P2 (Week 2)
INFO 2025-01-23 14:55:54,902 views 6836 5576 Course assignment found: IRT11 - dahi (CM)
INFO 2025-01-23 14:55:54,902 views 6836 5576 Existing slots to delete: 1
INFO 2025-01-23 14:55:54,927 views 6836 5576 New slot created: IRT11 - LUN P3 (Week 3)
INFO 2025-01-23 14:55:54,938 views 6836 5576 Course assignment found: IRT13 - vihka (TD)
INFO 2025-01-23 14:55:54,943 views 6836 5576 Existing slots to delete: 1
INFO 2025-01-23 14:55:54,964 views 6836 5576 New slot created: IRT13 - LUN P4 (Week 4)
INFO 2025-01-23 14:55:54,976 views 6836 5576 Course assignment found: IRT11 - selma (TP)
INFO 2025-01-23 14:55:54,980 views 6836 5576 Existing slots to delete: 1
INFO 2025-01-23 14:55:55,000 views 6836 5576 New slot created: IRT11 - MAR P3 (Week 2)
INFO 2025-01-23 14:55:55,007 views 6836 5576 Course assignment found: IRT11 - dahi (CM)
INFO 2025-01-23 14:55:55,011 views 6836 5576 Existing slots to delete: 1
INFO 2025-01-23 14:55:55,037 views 6836 5576 New slot created: IRT11 - MAR P4 (Week 3)
INFO 2025-01-23 14:55:55,041 views 6836 5576 Course assignment found: IRT22 - laghdaf (TP)
INFO 2025-01-23 14:55:55,048 views 6836 5576 Existing slots to delete: 1
INFO 2025-01-23 14:55:55,070 views 6836 5576 New slot created: IRT22 - MER P3 (Week 3)
INFO 2025-01-23 15:22:04,323 views 6836 28008 Raw request body: [{"week":1,"day":"LUN","period":"P1","course_code":"GC31","type":"CM"}]
INFO 2025-01-23 15:22:04,323 views 6836 28008 Received save_slot request for GC/S3
INFO 2025-01-23 15:22:04,323 views 6836 28008 Received data: [{'week': 1, 'day': 'LUN', 'period': 'P1', 'course_code': 'GC31', 'type': 'CM'}]
INFO 2025-01-23 15:22:04,327 views 6836 28008 Course assignment found: GC31 - hattira (CM)
INFO 2025-01-23 15:22:04,329 views 6836 28008 Existing slots to delete: 0
INFO 2025-01-23 15:22:04,334 views 6836 28008 New slot created: GC31 - LUN P1 (Week 1)
INFO 2025-01-23 15:35:57,943 views 6836 19496 Raw request body: [{"week":1,"day":"LUN","period":"P1","course_code":"GE33","type":"CM"}]
INFO 2025-01-23 15:35:57,943 views 6836 19496 Received save_slot request for GE/S3
INFO 2025-01-23 15:35:57,943 views 6836 19496 Received data: [{'week': 1, 'day': 'LUN', 'period': 'P1', 'course_code': 'GE33', 'type': 'CM'}]
INFO 2025-01-23 15:35:57,951 views 6836 19496 Course assignment found: GE33 - saas (CM)
INFO 2025-01-23 15:35:57,963 views 6836 19496 Existing slots to delete: 0
INFO 2025-01-23 15:35:58,004 views 6836 19496 New slot created: GE33 - LUN P1 (Week 1)
INFO 2025-01-23 15:37:24,416 views 6836 20692 Raw request body: [{"week":1,"day":"LUN","period":"P1","course_code":"GE33","type":"CM"}]
INFO 2025-01-23 15:37:24,417 views 6836 20692 Received save_slot request for GE/S3
INFO 2025-01-23 15:37:24,417 views 6836 20692 Received data: [{'week': 1, 'day': 'LUN', 'period': 'P1', 'course_code': 'GE33', 'type': 'CM'}]
INFO 2025-01-23 15:37:24,423 views 6836 20692 Course assignment found: GE33 - saas (CM)
INFO 2025-01-23 15:37:24,426 views 6836 20692 Existing slots to delete: 1
INFO 2025-01-23 15:37:24,436 views 6836 20692 New slot created: GE33 - LUN P1 (Week 1)
INFO 2025-01-23 15:37:28,061 views 6836 20692 Raw request body: [{"week":1,"day":"LUN","period":"P1","course_code":"GE33","type":"CM"}]
INFO 2025-01-23 15:37:28,062 views 6836 20692 Received save_slot request for GE/S3
INFO 2025-01-23 15:37:28,062 views 6836 20692 Received data: [{'week': 1, 'day': 'LUN', 'period': 'P1', 'course_code': 'GE33', 'type': 'CM'}]
INFO 2025-01-23 15:37:28,067 views 6836 20692 Course assignment found: GE33 - saas (CM)
INFO 2025-01-23 15:37:28,070 views 6836 20692 Existing slots to delete: 1
INFO 2025-01-23 15:37:28,089 views 6836 20692 New slot created: GE33 - LUN P1 (Week 1)
INFO 2025-01-23 15:37:42,356 views 6836 20692 Raw request body: [{"week":1,"day":"LUN","period":"P1","course_code":"GE33","type":"CM"}]
INFO 2025-01-23 15:37:42,357 views 6836 20692 Received save_slot request for GE/S3
INFO 2025-01-23 15:37:42,357 views 6836 20692 Received data: [{'week': 1, 'day': 'LUN', 'period': 'P1', 'course_code': 'GE33', 'type': 'CM'}]
INFO 2025-01-23 15:37:42,362 views 6836 20692 Course assignment found: GE33 - saas (CM)
INFO 2025-01-23 15:37:42,365 views 6836 20692 Existing slots to delete: 1
INFO 2025-01-23 15:37:42,372 views 6836 20692 New slot created: GE33 - LUN P1 (Week 1)
INFO 2025-01-23 15:40:18,476 views 27724 10608 Raw request body: [{"week":1,"day":"LUN","period":"P1","course_code":"GE33","type":"CM"},{"week":1,"day":"LUN","period":"P2","course_code":"GE33","type":"DS"}]
INFO 2025-01-23 15:40:18,477 views 27724 10608 Received save_slot request for GE/S3
INFO 2025-01-23 15:40:18,477 views 27724 10608 Received data: [{'week': 1, 'day': 'LUN', 'period': 'P1', 'course_code': 'GE33', 'type': 'CM'}, {'week': 1, 'day': 'LUN', 'period': 'P2', 'course_code': 'GE33', 'type': 'DS'}]
INFO 2025-01-23 15:40:18,483 views 27724 10608 Course assignment found: GE33 - saas (CM)
INFO 2025-01-23 15:40:18,485 views 27724 10608 Existing slots to delete: 1
INFO 2025-01-23 15:40:18,502 views 27724 10608 New slot created: GE33 - LUN P1 (Week 1)
ERROR 2025-01-23 15:40:18,502 views 27724 10608 Unexpected error: NOT NULL constraint failed: schedule_courseassignment.professor_id
Traceback (most recent call last):
  File "C:\Users\HP\OneDrive\Desktop\dernier version\AI-hafedh\emploi_django\venv\lib\site-packages\django\db\models\query.py", line 948, in get_or_create
    return self.get(**kwargs), False
  File "C:\Users\HP\OneDrive\Desktop\dernier version\AI-hafedh\emploi_django\venv\lib\site-packages\django\db\models\query.py", line 649, in get
    raise self.model.DoesNotExist(
schedule.models.CourseAssignment.DoesNotExist: CourseAssignment matching query does not exist.

During handling of the above exception, another exception occurred:

Traceback (most recent call last):
  File "C:\Users\HP\OneDrive\Desktop\dernier version\AI-hafedh\emploi_django\venv\lib\site-packages\django\db\backends\utils.py", line 105, in _execute
    return self.cursor.execute(sql, params)
  File "C:\Users\HP\OneDrive\Desktop\dernier version\AI-hafedh\emploi_django\venv\lib\site-packages\django\db\backends\sqlite3\base.py", line 354, in execute
    return super().execute(query, params)
sqlite3.IntegrityError: NOT NULL constraint failed: schedule_courseassignment.professor_id

The above exception was the direct cause of the following exception:

Traceback (most recent call last):
  File "C:\Users\HP\OneDrive\Desktop\dernier version\AI-hafedh\emploi_django\schedule\views.py", line 517, in save_slot
    course_assignment, created = CourseAssignment.objects.get_or_create(
  File "C:\Users\HP\OneDrive\Desktop\dernier version\AI-hafedh\emploi_django\venv\lib\site-packages\django\db\models\manager.py", line 87, in manager_method
    return getattr(self.get_queryset(), name)(*args, **kwargs)
  File "C:\Users\HP\OneDrive\Desktop\dernier version\AI-hafedh\emploi_django\venv\lib\site-packages\django\db\models\query.py", line 955, in get_or_create
    return self.create(**params), True
  File "C:\Users\HP\OneDrive\Desktop\dernier version\AI-hafedh\emploi_django\venv\lib\site-packages\django\db\models\query.py", line 679, in create
    obj.save(force_insert=True, using=self.db)
  File "C:\Users\HP\OneDrive\Desktop\dernier version\AI-hafedh\emploi_django\venv\lib\site-packages\django\db\models\base.py", line 892, in save
    self.save_base(
  File "C:\Users\HP\OneDrive\Desktop\dernier version\AI-hafedh\emploi_django\venv\lib\site-packages\django\db\models\base.py", line 998, in save_base
    updated = self._save_table(
  File "C:\Users\HP\OneDrive\Desktop\dernier version\AI-hafedh\emploi_django\venv\lib\site-packages\django\db\models\base.py", line 1161, in _save_table
    results = self._do_insert(
  File "C:\Users\HP\OneDrive\Desktop\dernier version\AI-hafedh\emploi_django\venv\lib\site-packages\django\db\models\base.py", line 1202, in _do_insert
    return manager._insert(
  File "C:\Users\HP\OneDrive\Desktop\dernier version\AI-hafedh\emploi_django\venv\lib\site-packages\django\db\models\manager.py", line 87, in manager_method
    return getattr(self.get_queryset(), name)(*args, **kwargs)
  File "C:\Users\HP\OneDrive\Desktop\dernier version\AI-hafedh\emploi_django\venv\lib\site-packages\django\db\models\query.py", line 1847, in _insert
    return query.get_compiler(using=using).execute_sql(returning_fields)
  File "C:\Users\HP\OneDrive\Desktop\dernier version\AI-hafedh\emploi_django\venv\lib\site-packages\django\db\models\sql\compiler.py", line 1836, in execute_sql
    cursor.execute(sql, params)
  File "C:\Users\HP\OneDrive\Desktop\dernier version\AI-hafedh\emploi_django\venv\lib\site-packages\django\db\backends\utils.py", line 122, in execute
    return super().execute(sql, params)
  File "C:\Users\HP\OneDrive\Desktop\dernier version\AI-hafedh\emploi_django\venv\lib\site-packages\django\db\backends\utils.py", line 79, in execute
    return self._execute_with_wrappers(
  File "C:\Users\HP\OneDrive\Desktop\dernier version\AI-hafedh\emploi_django\venv\lib\site-packages\django\db\backends\utils.py", line 92, in _execute_with_wrappers
    return executor(sql, params, many, context)
  File "C:\Users\HP\OneDrive\Desktop\dernier version\AI-hafedh\emploi_django\venv\lib\site-packages\django\db\backends\utils.py", line 100, in _execute
    with self.db.wrap_database_errors:
  File "C:\Users\HP\OneDrive\Desktop\dernier version\AI-hafedh\emploi_django\venv\lib\site-packages\django\db\utils.py", line 91, in __exit__
    raise dj_exc_value.with_traceback(traceback) from exc_value
  File "C:\Users\HP\OneDrive\Desktop\dernier version\AI-hafedh\emploi_django\venv\lib\site-packages\django\db\backends\utils.py", line 105, in _execute
    return self.cursor.execute(sql, params)
  File "C:\Users\HP\OneDrive\Desktop\dernier version\AI-hafedh\emploi_django\venv\lib\site-packages\django\db\backends\sqlite3\base.py", line 354, in execute
    return super().execute(query, params)
django.db.utils.IntegrityError: NOT NULL constraint failed: schedule_courseassignment.professor_id
INFO 2025-01-23 16:31:03,804 views 19540 14044 Raw request body: [{"week":1,"day":"LUN","period":"P1","course_code":"GE33","type":"CM"},{"week":4,"day":"MAR","period":"P3","course_code":"GE33","type":"DS"}]
INFO 2025-01-23 16:31:03,805 views 19540 14044 Received save_slot request for GE/S3
INFO 2025-01-23 16:31:03,806 views 19540 14044 Received data: [{'week': 1, 'day': 'LUN', 'period': 'P1', 'course_code': 'GE33', 'type': 'CM'}, {'week': 4, 'day': 'MAR', 'period': 'P3', 'course_code': 'GE33', 'type': 'DS'}]
INFO 2025-01-23 16:31:03,817 views 19540 14044 Course assignment found: GE33 - saas (CM)
INFO 2025-01-23 16:31:03,821 views 19540 14044 Existing slots to delete: 1
INFO 2025-01-23 16:31:03,848 views 19540 14044 New slot created: GE33 - LUN P1 (Week 1)
INFO 2025-01-23 16:31:03,866 views 19540 14044 Course assignment created: GE33 - No Professor (DS)
INFO 2025-01-23 16:31:03,869 views 19540 14044 Existing slots to delete: 0
INFO 2025-01-23 16:31:03,883 views 19540 14044 New slot created: GE33 - MAR P3 (Week 4)
INFO 2025-01-23 16:34:09,298 views 19540 11132 Raw request body: [{"week":1,"day":"LUN","period":"P1","course_code":"GE33","type":"CM"},{"week":1,"day":"LUN","period":"P2","course_code":"GE33","type":"EXAM"},{"week":4,"day":"MAR","period":"P3","course_code":"GE33","type":"DS"}]
INFO 2025-01-23 16:34:09,299 views 19540 11132 Received save_slot request for GE/S3
INFO 2025-01-23 16:34:09,299 views 19540 11132 Received data: [{'week': 1, 'day': 'LUN', 'period': 'P1', 'course_code': 'GE33', 'type': 'CM'}, {'week': 1, 'day': 'LUN', 'period': 'P2', 'course_code': 'GE33', 'type': 'EXAM'}, {'week': 4, 'day': 'MAR', 'period': 'P3', 'course_code': 'GE33', 'type': 'DS'}]
INFO 2025-01-23 16:34:09,311 views 19540 11132 Course assignment found: GE33 - saas (CM)
INFO 2025-01-23 16:34:09,317 views 19540 11132 Existing slots to delete: 1
INFO 2025-01-23 16:34:09,348 views 19540 11132 New slot created: GE33 - LUN P1 (Week 1)
INFO 2025-01-23 16:34:09,361 views 19540 11132 Course assignment created: GE33 - No Professor (EXAM)
INFO 2025-01-23 16:34:09,366 views 19540 11132 Existing slots to delete: 0
INFO 2025-01-23 16:34:09,376 views 19540 11132 New slot created: GE33 - LUN P2 (Week 1)
INFO 2025-01-23 16:34:09,384 views 19540 11132 Course assignment found: GE33 - No Professor (DS)
INFO 2025-01-23 16:34:09,388 views 19540 11132 Existing slots to delete: 1
INFO 2025-01-23 16:34:09,402 views 19540 11132 New slot created: GE33 - MAR P3 (Week 4)
INFO 2025-01-23 16:35:08,912 views 19540 14044 Raw request body: [{"week":1,"day":"LUN","period":"P1","course_code":"IRT13","type":"CM"},{"week":2,"day":"LUN","period":"P1","course_code":"IRT11","type":"TP"},{"week":1,"day":"LUN","period":"P2","course_code":"IRT22","type":"DS"},{"week":2,"day":"LUN","period":"P2","course_code":"IRT11","type":"TD"},{"week":3,"day":"LUN","period":"P3","course_code":"IRT11","type":"CM"},{"week":4,"day":"LUN","period":"P4","course_code":"IRT13","type":"TD"},{"week":2,"day":"MAR","period":"P3","course_code":"IRT11","type":"TP"},{"week":3,"day":"MAR","period":"P4","course_code":"IRT11","type":"CM"},{"week":3,"day":"MER","period":"P3","course_code":"IRT22","type":"TP"}]
INFO 2025-01-23 16:35:08,915 views 19540 14044 Received save_slot request for IRT/S1
INFO 2025-01-23 16:35:08,915 views 19540 14044 Received data: [{'week': 1, 'day': 'LUN', 'period': 'P1', 'course_code': 'IRT13', 'type': 'CM'}, {'week': 2, 'day': 'LUN', 'period': 'P1', 'course_code': 'IRT11', 'type': 'TP'}, {'week': 1, 'day': 'LUN', 'period': 'P2', 'course_code': 'IRT22', 'type': 'DS'}, {'week': 2, 'day': 'LUN', 'period': 'P2', 'course_code': 'IRT11', 'type': 'TD'}, {'week': 3, 'day': 'LUN', 'period': 'P3', 'course_code': 'IRT11', 'type': 'CM'}, {'week': 4, 'day': 'LUN', 'period': 'P4', 'course_code': 'IRT13', 'type': 'TD'}, {'week': 2, 'day': 'MAR', 'period': 'P3', 'course_code': 'IRT11', 'type': 'TP'}, {'week': 3, 'day': 'MAR', 'period': 'P4', 'course_code': 'IRT11', 'type': 'CM'}, {'week': 3, 'day': 'MER', 'period': 'P3', 'course_code': 'IRT22', 'type': 'TP'}]
INFO 2025-01-23 16:35:08,926 views 19540 14044 Course assignment found: IRT13 - bihe (CM)
INFO 2025-01-23 16:35:08,927 views 19540 14044 Existing slots to delete: 1
INFO 2025-01-23 16:35:08,957 views 19540 14044 New slot created: IRT13 - LUN P1 (Week 1)
INFO 2025-01-23 16:35:08,963 views 19540 14044 Course assignment found: IRT11 - selma (TP)
INFO 2025-01-23 16:35:08,967 views 19540 14044 Existing slots to delete: 1
INFO 2025-01-23 16:35:08,984 views 19540 14044 New slot created: IRT11 - LUN P1 (Week 2)
INFO 2025-01-23 16:35:08,994 views 19540 14044 Course assignment created: IRT22 - No Professor (DS)
INFO 2025-01-23 16:35:09,000 views 19540 14044 Existing slots to delete: 0
INFO 2025-01-23 16:35:09,011 views 19540 14044 New slot created: IRT22 - LUN P2 (Week 1)
INFO 2025-01-23 16:35:09,021 views 19540 14044 Course assignment found: IRT11 - medou (TD)
INFO 2025-01-23 16:35:09,024 views 19540 14044 Existing slots to delete: 1
INFO 2025-01-23 16:35:09,040 views 19540 14044 New slot created: IRT11 - LUN P2 (Week 2)
INFO 2025-01-23 16:35:09,045 views 19540 14044 Course assignment found: IRT11 - dahi (CM)
INFO 2025-01-23 16:35:09,051 views 19540 14044 Existing slots to delete: 1
INFO 2025-01-23 16:35:09,066 views 19540 14044 New slot created: IRT11 - LUN P3 (Week 3)
INFO 2025-01-23 16:35:09,071 views 19540 14044 Course assignment found: IRT13 - vihka (TD)
INFO 2025-01-23 16:35:09,076 views 19540 14044 Existing slots to delete: 1
INFO 2025-01-23 16:35:09,092 views 19540 14044 New slot created: IRT13 - LUN P4 (Week 4)
INFO 2025-01-23 16:35:09,098 views 19540 14044 Course assignment found: IRT11 - selma (TP)
INFO 2025-01-23 16:35:09,101 views 19540 14044 Existing slots to delete: 1
INFO 2025-01-23 16:35:09,121 views 19540 14044 New slot created: IRT11 - MAR P3 (Week 2)
INFO 2025-01-23 16:35:09,127 views 19540 14044 Course assignment found: IRT11 - dahi (CM)
INFO 2025-01-23 16:35:09,131 views 19540 14044 Existing slots to delete: 1
INFO 2025-01-23 16:35:09,148 views 19540 14044 New slot created: IRT11 - MAR P4 (Week 3)
INFO 2025-01-23 16:35:09,152 views 19540 14044 Course assignment found: IRT22 - laghdaf (TP)
INFO 2025-01-23 16:35:09,159 views 19540 14044 Existing slots to delete: 1
INFO 2025-01-23 16:35:09,177 views 19540 14044 New slot created: IRT22 - MER P3 (Week 3)
INFO 2025-01-23 16:40:08,385 views 13892 20776 Raw request body: [{"week":1,"day":"LUN","period":"P1","course_code":"IRT13","type":"CM"},{"week":2,"day":"LUN","period":"P1","course_code":"IRT11","type":"TP"},{"week":1,"day":"LUN","period":"P2","course_code":"IRT22","type":"DS"},{"week":2,"day":"LUN","period":"P2","course_code":"IRT11","type":"TD"},{"week":3,"day":"LUN","period":"P3","course_code":"IRT11","type":"CM"},{"week":2,"day":"LUN","period":"P4","course_code":"IRT11","type":"EXAM"},{"week":4,"day":"LUN","period":"P4","course_code":"IRT13","type":"TD"},{"week":2,"day":"MAR","period":"P3","course_code":"IRT11","type":"TP"},{"week":3,"day":"MAR","period":"P4","course_code":"IRT11","type":"CM"},{"week":3,"day":"MER","period":"P3","course_code":"IRT22","type":"TP"}]
INFO 2025-01-23 16:40:08,389 views 13892 20776 Received save_slot request for IRT/S1
INFO 2025-01-23 16:40:08,389 views 13892 20776 Received data: [{'week': 1, 'day': 'LUN', 'period': 'P1', 'course_code': 'IRT13', 'type': 'CM'}, {'week': 2, 'day': 'LUN', 'period': 'P1', 'course_code': 'IRT11', 'type': 'TP'}, {'week': 1, 'day': 'LUN', 'period': 'P2', 'course_code': 'IRT22', 'type': 'DS'}, {'week': 2, 'day': 'LUN', 'period': 'P2', 'course_code': 'IRT11', 'type': 'TD'}, {'week': 3, 'day': 'LUN', 'period': 'P3', 'course_code': 'IRT11', 'type': 'CM'}, {'week': 2, 'day': 'LUN', 'period': 'P4', 'course_code': 'IRT11', 'type': 'EXAM'}, {'week': 4, 'day': 'LUN', 'period': 'P4', 'course_code': 'IRT13', 'type': 'TD'}, {'week': 2, 'day': 'MAR', 'period': 'P3', 'course_code': 'IRT11', 'type': 'TP'}, {'week': 3, 'day': 'MAR', 'period': 'P4', 'course_code': 'IRT11', 'type': 'CM'}, {'week': 3, 'day': 'MER', 'period': 'P3', 'course_code': 'IRT22', 'type': 'TP'}]
INFO 2025-01-23 16:40:08,399 views 13892 20776 Course assignment found: IRT13 - bihe (CM)
INFO 2025-01-23 16:40:08,405 views 13892 20776 Existing slots to delete: 1
INFO 2025-01-23 16:40:08,421 views 13892 20776 New slot created: IRT13 - LUN P1 (Week 1)
INFO 2025-01-23 16:40:08,428 views 13892 20776 Course assignment found: IRT11 - selma (TP)
INFO 2025-01-23 16:40:08,431 views 13892 20776 Existing slots to delete: 1
INFO 2025-01-23 16:40:08,448 views 13892 20776 New slot created: IRT11 - LUN P1 (Week 2)
INFO 2025-01-23 16:40:08,451 views 13892 20776 Course assignment found: IRT22 - No Professor (DS)
INFO 2025-01-23 16:40:08,457 views 13892 20776 Existing slots to delete: 1
INFO 2025-01-23 16:40:08,473 views 13892 20776 New slot created: IRT22 - LUN P2 (Week 1)
INFO 2025-01-23 16:40:08,481 views 13892 20776 Course assignment found: IRT11 - medou (TD)
INFO 2025-01-23 16:40:08,482 views 13892 20776 Existing slots to delete: 1
INFO 2025-01-23 16:40:08,503 views 13892 20776 New slot created: IRT11 - LUN P2 (Week 2)
INFO 2025-01-23 16:40:08,508 views 13892 20776 Course assignment found: IRT11 - dahi (CM)
INFO 2025-01-23 16:40:08,513 views 13892 20776 Existing slots to delete: 1
INFO 2025-01-23 16:40:08,531 views 13892 20776 New slot created: IRT11 - LUN P3 (Week 3)
INFO 2025-01-23 16:40:08,543 views 13892 20776 Course assignment created: IRT11 - No Professor (EXAM)
INFO 2025-01-23 16:40:08,548 views 13892 20776 Existing slots to delete: 0
INFO 2025-01-23 16:40:08,558 views 13892 20776 New slot created: IRT11 - LUN P4 (Week 2)
INFO 2025-01-23 16:40:08,567 views 13892 20776 Course assignment found: IRT13 - vihka (TD)
INFO 2025-01-23 16:40:08,571 views 13892 20776 Existing slots to delete: 1
INFO 2025-01-23 16:40:08,587 views 13892 20776 New slot created: IRT13 - LUN P4 (Week 4)
INFO 2025-01-23 16:40:08,594 views 13892 20776 Course assignment found: IRT11 - selma (TP)
INFO 2025-01-23 16:40:08,594 views 13892 20776 Existing slots to delete: 1
INFO 2025-01-23 16:40:08,614 views 13892 20776 New slot created: IRT11 - MAR P3 (Week 2)
INFO 2025-01-23 16:40:08,623 views 13892 20776 Course assignment found: IRT11 - dahi (CM)
INFO 2025-01-23 16:40:08,627 views 13892 20776 Existing slots to delete: 1
INFO 2025-01-23 16:40:08,642 views 13892 20776 New slot created: IRT11 - MAR P4 (Week 3)
INFO 2025-01-23 16:40:08,652 views 13892 20776 Course assignment found: IRT22 - laghdaf (TP)
INFO 2025-01-23 16:40:08,657 views 13892 20776 Existing slots to delete: 1
INFO 2025-01-23 16:40:08,673 views 13892 20776 New slot created: IRT22 - MER P3 (Week 3)
INFO 2025-01-24 09:16:57,062 views 13964 2804 Raw request body: [{"week":1,"day":"LUN","period":"P1","course_code":"IRT13","type":"CM"},{"week":2,"day":"LUN","period":"P1","course_code":"IRT11","type":"TP"},{"week":1,"day":"LUN","period":"P2","course_code":"IRT22","type":"DS"},{"week":2,"day":"LUN","period":"P2","course_code":"IRT11","type":"TD"},{"week":3,"day":"LUN","period":"P3","course_code":"IRT11","type":"CM"},{"week":2,"day":"LUN","period":"P4","course_code":"IRT11","type":"EXAM"},{"week":4,"day":"LUN","period":"P4","course_code":"IRT13","type":"TD"},{"week":7,"day":"LUN","period":"P5","course_code":"IRT22","type":"CM"},{"week":2,"day":"MAR","period":"P3","course_code":"IRT11","type":"TP"},{"week":3,"day":"MAR","period":"P4","course_code":"IRT11","type":"CM"},{"week":3,"day":"MER","period":"P3","course_code":"IRT22","type":"TP"}]
INFO 2025-01-24 09:16:57,074 views 13964 2804 Received save_slot request for IRT/S1
INFO 2025-01-24 09:16:57,075 views 13964 2804 Received data: [{'week': 1, 'day': 'LUN', 'period': 'P1', 'course_code': 'IRT13', 'type': 'CM'}, {'week': 2, 'day': 'LUN', 'period': 'P1', 'course_code': 'IRT11', 'type': 'TP'}, {'week': 1, 'day': 'LUN', 'period': 'P2', 'course_code': 'IRT22', 'type': 'DS'}, {'week': 2, 'day': 'LUN', 'period': 'P2', 'course_code': 'IRT11', 'type': 'TD'}, {'week': 3, 'day': 'LUN', 'period': 'P3', 'course_code': 'IRT11', 'type': 'CM'}, {'week': 2, 'day': 'LUN', 'period': 'P4', 'course_code': 'IRT11', 'type': 'EXAM'}, {'week': 4, 'day': 'LUN', 'period': 'P4', 'course_code': 'IRT13', 'type': 'TD'}, {'week': 7, 'day': 'LUN', 'period': 'P5', 'course_code': 'IRT22', 'type': 'CM'}, {'week': 2, 'day': 'MAR', 'period': 'P3', 'course_code': 'IRT11', 'type': 'TP'}, {'week': 3, 'day': 'MAR', 'period': 'P4', 'course_code': 'IRT11', 'type': 'CM'}, {'week': 3, 'day': 'MER', 'period': 'P3', 'course_code': 'IRT22', 'type': 'TP'}]
INFO 2025-01-24 09:16:57,081 views 13964 2804 Course assignment found: IRT13 - bihe (CM)
INFO 2025-01-24 09:16:57,086 views 13964 2804 Existing slots to delete: 1
INFO 2025-01-24 09:16:57,096 views 13964 2804 New slot created: IRT13 - LUN P1 (Week 1)
INFO 2025-01-24 09:16:57,100 views 13964 2804 Course assignment found: IRT11 - selma (TP)
INFO 2025-01-24 09:16:57,100 views 13964 2804 Existing slots to delete: 1
INFO 2025-01-24 09:16:57,110 views 13964 2804 New slot created: IRT11 - LUN P1 (Week 2)
INFO 2025-01-24 09:16:57,110 views 13964 2804 Course assignment found: IRT22 - No Professor (DS)
INFO 2025-01-24 09:16:57,110 views 13964 2804 Existing slots to delete: 1
INFO 2025-01-24 09:16:57,123 views 13964 2804 New slot created: IRT22 - LUN P2 (Week 1)
INFO 2025-01-24 09:16:57,127 views 13964 2804 Course assignment found: IRT11 - medou (TD)
INFO 2025-01-24 09:16:57,127 views 13964 2804 Existing slots to delete: 1
INFO 2025-01-24 09:16:57,139 views 13964 2804 New slot created: IRT11 - LUN P2 (Week 2)
INFO 2025-01-24 09:16:57,142 views 13964 2804 Course assignment found: IRT11 - dahi (CM)
INFO 2025-01-24 09:16:57,145 views 13964 2804 Existing slots to delete: 1
INFO 2025-01-24 09:16:57,156 views 13964 2804 New slot created: IRT11 - LUN P3 (Week 3)
INFO 2025-01-24 09:16:57,160 views 13964 2804 Course assignment found: IRT11 - No Professor (EXAM)
INFO 2025-01-24 09:16:57,160 views 13964 2804 Existing slots to delete: 1
INFO 2025-01-24 09:16:57,172 views 13964 2804 New slot created: IRT11 - LUN P4 (Week 2)
INFO 2025-01-24 09:16:57,175 views 13964 2804 Course assignment found: IRT13 - vihka (TD)
INFO 2025-01-24 09:16:57,176 views 13964 2804 Existing slots to delete: 1
INFO 2025-01-24 09:16:57,183 views 13964 2804 New slot created: IRT13 - LUN P4 (Week 4)
INFO 2025-01-24 09:16:57,187 views 13964 2804 Course assignment found: IRT22 - namou (CM)
INFO 2025-01-24 09:16:57,189 views 13964 2804 Existing slots to delete: 0
INFO 2025-01-24 09:16:57,202 views 13964 2804 New slot created: IRT22 - LUN P5 (Week 7)
INFO 2025-01-24 09:16:57,208 views 13964 2804 Course assignment found: IRT11 - selma (TP)
INFO 2025-01-24 09:16:57,212 views 13964 2804 Existing slots to delete: 1
INFO 2025-01-24 09:16:57,220 views 13964 2804 New slot created: IRT11 - MAR P3 (Week 2)
INFO 2025-01-24 09:16:57,226 views 13964 2804 Course assignment found: IRT11 - dahi (CM)
INFO 2025-01-24 09:16:57,228 views 13964 2804 Existing slots to delete: 1
INFO 2025-01-24 09:16:57,237 views 13964 2804 New slot created: IRT11 - MAR P4 (Week 3)
INFO 2025-01-24 09:16:57,242 views 13964 2804 Course assignment found: IRT22 - laghdaf (TP)
INFO 2025-01-24 09:16:57,244 views 13964 2804 Existing slots to delete: 1
INFO 2025-01-24 09:16:57,249 views 13964 2804 New slot created: IRT22 - MER P3 (Week 3)
INFO 2025-01-24 09:18:07,064 views 13964 2804 Raw request body: [{"week":1,"day":"LUN","period":"P1","course_code":"MPG11","type":"TD"}]
INFO 2025-01-24 09:18:07,064 views 13964 2804 Received save_slot request for MPG/S1
INFO 2025-01-24 09:18:07,065 views 13964 2804 Received data: [{'week': 1, 'day': 'LUN', 'period': 'P1', 'course_code': 'MPG11', 'type': 'TD'}]
INFO 2025-01-24 09:18:07,071 views 13964 2804 Course assignment found: MPG11 - vall (TD)
INFO 2025-01-24 09:18:07,075 views 13964 2804 Existing slots to delete: 0
INFO 2025-01-24 09:18:07,082 views 13964 2804 New slot created: MPG11 - LUN P1 (Week 1)
ERROR 2025-01-24 09:55:53,230 views 24696 23448 Error in get_bilan: 'Course' object has no attribute 'name'
ERROR 2025-01-24 09:55:54,295 views 24696 23448 Error in get_bilan: 'Course' object has no attribute 'name'
ERROR 2025-01-24 09:55:56,524 views 24696 23448 Error in get_bilan: 'Course' object has no attribute 'name'
ERROR 2025-01-24 09:56:36,780 views 24448 9076 Error in get_bilan: 'Course' object has no attribute 'name'
ERROR 2025-01-24 09:56:37,856 views 24448 9076 Error in get_bilan: 'Course' object has no attribute 'name'
ERROR 2025-01-24 09:56:40,095 views 24448 9076 Error in get_bilan: 'Course' object has no attribute 'name'
ERROR 2025-01-24 09:56:43,511 views 24448 9076 Error in get_bilan: 'Course' object has no attribute 'name'
ERROR 2025-01-24 09:56:44,619 views 24448 9076 Error in get_bilan: 'Course' object has no attribute 'name'
ERROR 2025-01-24 09:56:46,942 views 24448 9076 Error in get_bilan: 'Course' object has no attribute 'name'
